<?xml version="1.0" encoding="UTF-8"?>
<!-- Generated by org.testng.reporters.JUnitReportReporter -->
<testsuite hostname="Gowtham" failures="0" tests="1" name="runners.MyTestRunner" time="31.569" errors="0" timestamp="2025-08-25T18:36:09 IST" skipped="0">
  <testcase classname="runners.MyTestRunner" name="runScenario" time="31.569"/>
</testsuite> <!-- runners.MyTestRunner -->
